[ 2025-10-03 22:09:08,390 ] 42 root - INFO - Start data Ingestion
[ 2025-10-03 22:09:10,825 ] 65 root - INFO - Performed train test split on the dataframe
[ 2025-10-03 22:09:10,825 ] 67 root - INFO - Exited split_data_as_train_test method of Data_Ingestion class
[ 2025-10-03 22:09:10,826 ] 75 root - INFO - Exporting train and test file path.
[ 2025-10-03 22:09:10,908 ] 84 root - INFO - Exported train and test file path.
[ 2025-10-03 22:09:10,909 ] 45 root - INFO - Data Ingestion completed and artifact: DataIngestionArtifact(trained_file_path='Artifacts\\10_03_2025_22_08_55\\data_ingestion\\ingested\\train.csv', test_file_path='Artifacts\\10_03_2025_22_08_55\\data_ingestion\\ingested\\test.csv')
[ 2025-10-03 22:09:10,920 ] 55 root - INFO - Initiate the data Validation
[ 2025-10-03 22:09:11,019 ] 32 root - INFO - Required number of columns:2
[ 2025-10-03 22:09:11,019 ] 33 root - INFO - Data frame has columns:31
[ 2025-10-03 22:09:11,019 ] 32 root - INFO - Required number of columns:2
[ 2025-10-03 22:09:11,019 ] 33 root - INFO - Data frame has columns:31
[ 2025-10-03 22:09:11,204 ] 63 root - INFO - Entered initiate_data_transformation method of DataTransformation class
[ 2025-10-03 22:09:11,204 ] 65 root - INFO - Starting data transformation
[ 2025-10-03 22:09:11,238 ] 48 root - INFO - Entered get_data_trnasformer_object method of Trnasformation class
[ 2025-10-03 22:09:11,239 ] 53 root - INFO - Initialise KNNImputer with {'missing_values': nan, 'n_neighbors': 3, 'weights': 'uniform'}
[ 2025-10-03 22:09:11,276 ] 46 root - INFO - Entered the save_object method of MainUtils class
[ 2025-10-03 22:09:11,281 ] 50 root - INFO - Exited the save_object method of MainUtils class
[ 2025-10-03 22:09:11,281 ] 46 root - INFO - Entered the save_object method of MainUtils class
[ 2025-10-03 22:09:11,285 ] 50 root - INFO - Exited the save_object method of MainUtils class
[ 2025-10-03 22:14:48,392 ] 46 root - INFO - Entered the save_object method of MainUtils class
[ 2025-10-03 22:14:48,394 ] 50 root - INFO - Exited the save_object method of MainUtils class
[ 2025-10-03 22:14:48,394 ] 46 root - INFO - Entered the save_object method of MainUtils class
[ 2025-10-03 22:14:48,488 ] 50 root - INFO - Exited the save_object method of MainUtils class
[ 2025-10-03 22:14:48,489 ] 148 root - INFO - Model trainer artifact: ModelTrainerArtifact(trained_model_file_path='Artifacts\\10_03_2025_22_08_55\\model_trainer\\trained_model\\model.pkl', train_metric_artifact=ClassificationMetricArtifact(f1_score=0.9912920210611583, precision_score=0.9888888888888889, recall_score=0.9937068615509541), test_metric_artifact=ClassificationMetricArtifact(f1_score=0.9744835965978129, precision_score=0.9717285945072698, recall_score=0.9772542648253453))
