[ 2025-10-03 21:36:54,354 ] 42 root - INFO - Start data Ingestion
[ 2025-10-03 21:36:57,394 ] 65 root - INFO - Performed train test split on the dataframe
[ 2025-10-03 21:36:57,395 ] 67 root - INFO - Exited split_data_as_train_test method of Data_Ingestion class
[ 2025-10-03 21:36:57,395 ] 75 root - INFO - Exporting train and test file path.
[ 2025-10-03 21:36:57,979 ] 84 root - INFO - Exported train and test file path.
[ 2025-10-03 21:36:57,980 ] 45 root - INFO - Data Ingestion completed and artifact: DataIngestionArtifact(trained_file_path='Artifacts\\10_03_2025_21_36_25\\data_ingestion\\ingested\\train.csv', test_file_path='Artifacts\\10_03_2025_21_36_25\\data_ingestion\\ingested\\test.csv')
[ 2025-10-03 21:36:58,036 ] 55 root - INFO - Initiate the data Validation
[ 2025-10-03 21:36:58,242 ] 32 root - INFO - Required number of columns:2
[ 2025-10-03 21:36:58,242 ] 33 root - INFO - Data frame has columns:31
[ 2025-10-03 21:36:58,243 ] 32 root - INFO - Required number of columns:2
[ 2025-10-03 21:36:58,243 ] 33 root - INFO - Data frame has columns:31
[ 2025-10-03 21:36:58,571 ] 63 root - INFO - Entered initiate_data_transformation method of DataTransformation class
[ 2025-10-03 21:36:58,571 ] 65 root - INFO - Starting data transformation
[ 2025-10-03 21:36:58,618 ] 48 root - INFO - Entered get_data_trnasformer_object method of Trnasformation class
[ 2025-10-03 21:36:58,618 ] 53 root - INFO - Initialise KNNImputer with {'missing_values': nan, 'n_neighbors': 3, 'weights': 'uniform'}
[ 2025-10-03 21:36:58,641 ] 46 root - INFO - Entered the save_object method of MainUtils class
[ 2025-10-03 21:36:58,647 ] 50 root - INFO - Exited the save_object method of MainUtils class
[ 2025-10-03 21:36:58,647 ] 46 root - INFO - Entered the save_object method of MainUtils class
[ 2025-10-03 21:36:58,652 ] 50 root - INFO - Exited the save_object method of MainUtils class
[ 2025-10-03 21:41:50,275 ] 42 root - INFO - Start data Ingestion
[ 2025-10-03 21:41:52,688 ] 65 root - INFO - Performed train test split on the dataframe
[ 2025-10-03 21:41:52,688 ] 67 root - INFO - Exited split_data_as_train_test method of Data_Ingestion class
[ 2025-10-03 21:41:52,688 ] 75 root - INFO - Exporting train and test file path.
[ 2025-10-03 21:41:52,730 ] 84 root - INFO - Exported train and test file path.
[ 2025-10-03 21:41:52,730 ] 45 root - INFO - Data Ingestion completed and artifact: DataIngestionArtifact(trained_file_path='Artifacts\\10_03_2025_21_36_25\\data_ingestion\\ingested\\train.csv', test_file_path='Artifacts\\10_03_2025_21_36_25\\data_ingestion\\ingested\\test.csv')
[ 2025-10-03 21:41:52,736 ] 55 root - INFO - Initiate the data Validation
[ 2025-10-03 21:41:52,794 ] 32 root - INFO - Required number of columns:2
[ 2025-10-03 21:41:52,794 ] 33 root - INFO - Data frame has columns:31
[ 2025-10-03 21:41:52,794 ] 32 root - INFO - Required number of columns:2
[ 2025-10-03 21:41:52,795 ] 33 root - INFO - Data frame has columns:31
[ 2025-10-03 21:41:52,895 ] 63 root - INFO - Entered initiate_data_transformation method of DataTransformation class
[ 2025-10-03 21:41:52,895 ] 65 root - INFO - Starting data transformation
[ 2025-10-03 21:41:52,912 ] 48 root - INFO - Entered get_data_trnasformer_object method of Trnasformation class
[ 2025-10-03 21:41:52,912 ] 53 root - INFO - Initialise KNNImputer with {'missing_values': nan, 'n_neighbors': 3, 'weights': 'uniform'}
[ 2025-10-03 21:41:52,920 ] 46 root - INFO - Entered the save_object method of MainUtils class
[ 2025-10-03 21:41:52,922 ] 50 root - INFO - Exited the save_object method of MainUtils class
[ 2025-10-03 21:41:52,922 ] 46 root - INFO - Entered the save_object method of MainUtils class
[ 2025-10-03 21:41:52,924 ] 50 root - INFO - Exited the save_object method of MainUtils class
