[ 2025-10-03 22:15:49,792 ] 42 root - INFO - Start data Ingestion
[ 2025-10-03 22:15:52,449 ] 65 root - INFO - Performed train test split on the dataframe
[ 2025-10-03 22:15:52,449 ] 67 root - INFO - Exited split_data_as_train_test method of Data_Ingestion class
[ 2025-10-03 22:15:52,450 ] 75 root - INFO - Exporting train and test file path.
[ 2025-10-03 22:15:52,575 ] 84 root - INFO - Exported train and test file path.
[ 2025-10-03 22:15:52,576 ] 45 root - INFO - Data Ingestion completed and artifact: DataIngestionArtifact(trained_file_path='Artifacts\\10_03_2025_22_15_30\\data_ingestion\\ingested\\train.csv', test_file_path='Artifacts\\10_03_2025_22_15_30\\data_ingestion\\ingested\\test.csv')
[ 2025-10-03 22:15:52,592 ] 55 root - INFO - Initiate the data Validation
[ 2025-10-03 22:15:52,706 ] 32 root - INFO - Required number of columns:2
[ 2025-10-03 22:15:52,706 ] 33 root - INFO - Data frame has columns:31
[ 2025-10-03 22:15:52,706 ] 32 root - INFO - Required number of columns:2
[ 2025-10-03 22:15:52,706 ] 33 root - INFO - Data frame has columns:31
[ 2025-10-03 22:15:53,098 ] 63 root - INFO - Entered initiate_data_transformation method of DataTransformation class
[ 2025-10-03 22:15:53,098 ] 65 root - INFO - Starting data transformation
[ 2025-10-03 22:15:53,146 ] 48 root - INFO - Entered get_data_trnasformer_object method of Trnasformation class
[ 2025-10-03 22:15:53,146 ] 53 root - INFO - Initialise KNNImputer with {'missing_values': nan, 'n_neighbors': 3, 'weights': 'uniform'}
[ 2025-10-03 22:15:53,194 ] 46 root - INFO - Entered the save_object method of MainUtils class
[ 2025-10-03 22:15:53,198 ] 50 root - INFO - Exited the save_object method of MainUtils class
[ 2025-10-03 22:15:53,199 ] 46 root - INFO - Entered the save_object method of MainUtils class
[ 2025-10-03 22:15:53,206 ] 50 root - INFO - Exited the save_object method of MainUtils class
[ 2025-10-03 22:21:19,781 ] 46 root - INFO - Entered the save_object method of MainUtils class
[ 2025-10-03 22:21:19,783 ] 50 root - INFO - Exited the save_object method of MainUtils class
[ 2025-10-03 22:21:19,783 ] 46 root - INFO - Entered the save_object method of MainUtils class
[ 2025-10-03 22:21:19,841 ] 50 root - INFO - Exited the save_object method of MainUtils class
[ 2025-10-03 22:21:19,841 ] 148 root - INFO - Model trainer artifact: ModelTrainerArtifact(trained_model_file_path='Artifacts\\10_03_2025_22_15_30\\model_trainer\\trained_model\\model.pkl', train_metric_artifact=ClassificationMetricArtifact(f1_score=0.9914426658612705, precision_score=0.9881597431266306, recall_score=0.9947474747474747), test_metric_artifact=ClassificationMetricArtifact(f1_score=0.9744224422442245, precision_score=0.9704190632703369, recall_score=0.9784589892294946))
